# JRE version: OpenJDK Runtime Environment (8.0_242-b01) (build 1.8.0_242-release-1644-b01)
# Java VM: OpenJDK 64-Bit Server VM (25.242-b01 mixed mode windows-amd64 compressed oops)
Heap:
 PSYoungGen      total 1102336K, used 111229K [0x000000076ab00000, 0x00000007bd880000, 0x00000007c0000000)
  eden space 870912K, 0% used [0x000000076ab00000,0x000000076ab00000,0x000000079fd80000)
  from space 231424K, 48% used [0x00000007af680000,0x00000007b631f570,0x00000007bd880000)
  to   space 243200K, 0% used [0x000000079fd80000,0x000000079fd80000,0x00000007aeb00000)
 ParOldGen       total 1617408K, used 1111165K [0x00000006c0000000, 0x0000000722b80000, 0x000000076ab00000)
  object space 1617408K, 68% used [0x00000006c0000000,0x0000000703d1f668,0x0000000722b80000)
 Metaspace       used 1097058K, capacity 1158236K, committed 1158400K, reserved 2054144K
  class space    used 142549K, capacity 153360K, committed 153472K, reserved 1048576K
GC Heap History (10 events):
Event: 21548.930 GC heap after
Heap after GC invocations=416 (full 17):
 PSYoungGen      total 1078272K, used 203823K [0x000000076ab00000, 0x00000007c0000000, 0x00000007c0000000)
  eden space 815104K, 0% used [0x000000076ab00000,0x000000076ab00000,0x000000079c700000)
  from space 263168K, 77% used [0x00000007ad900000,0x00000007ba00bd60,0x00000007bda00000)
  to   space 280576K, 0% used [0x000000079c700000,0x000000079c700000,0x00000007ad900000)
 ParOldGen       total 1617408K, used 1107087K [0x00000006c0000000, 0x0000000722b80000, 0x000000076ab00000)
  object space 1617408K, 68% used [0x00000006c0000000,0x0000000703923cc8,0x0000000722b80000)
 Metaspace       used 1085069K, capacity 1145780K, committed 1145856K, reserved 2043904K
  class space    used 141049K, capacity 151772K, committed 151808K, reserved 1048576K
}
Event: 21552.104 GC heap before
{Heap before GC invocations=417 (full 17):
 PSYoungGen      total 1078272K, used 1018927K [0x000000076ab00000, 0x00000007c0000000, 0x00000007c0000000)
  eden space 815104K, 100% used [0x000000076ab00000,0x000000079c700000,0x000000079c700000)
  from space 263168K, 77% used [0x00000007ad900000,0x00000007ba00bd60,0x00000007bda00000)
  to   space 280576K, 0% used [0x000000079c700000,0x000000079c700000,0x00000007ad900000)
 ParOldGen       total 1617408K, used 1107087K [0x00000006c0000000, 0x0000000722b80000, 0x000000076ab00000)
  object space 1617408K, 68% used [0x00000006c0000000,0x0000000703923cc8,0x0000000722b80000)
 Metaspace       used 1085104K, capacity 1145786K, committed 1145856K, reserved 2043904K
  class space    used 141050K, capacity 151773K, committed 151808K, reserved 1048576K
Event: 21552.408 GC heap after
Heap after GC invocations=417 (full 17):
 PSYoungGen      total 1095680K, used 73867K [0x000000076ab00000, 0x00000007c0000000, 0x00000007c0000000)
  eden space 815104K, 0% used [0x000000076ab00000,0x000000076ab00000,0x000000079c700000)
  from space 280576K, 26% used [0x000000079c700000,0x00000007a0f22d10,0x00000007ad900000)
  to   space 273920K, 0% used [0x00000007af480000,0x00000007af480000,0x00000007c0000000)
 ParOldGen       total 1617408K, used 1108469K [0x00000006c0000000, 0x0000000722b80000, 0x000000076ab00000)
  object space 1617408K, 68% used [0x00000006c0000000,0x0000000703a7d6c8,0x0000000722b80000)
 Metaspace       used 1085104K, capacity 1145786K, committed 1145856K, reserved 2043904K
  class space    used 141050K, capacity 151773K, committed 151808K, reserved 1048576K
}
Event: 21634.833 GC heap before
{Heap before GC invocations=418 (full 17):
 PSYoungGen      total 1095680K, used 888971K [0x000000076ab00000, 0x00000007c0000000, 0x00000007c0000000)
  eden space 815104K, 100% used [0x000000076ab00000,0x000000079c700000,0x000000079c700000)
  from space 280576K, 26% used [0x000000079c700000,0x00000007a0f22d10,0x00000007ad900000)
  to   space 273920K, 0% used [0x00000007af480000,0x00000007af480000,0x00000007c0000000)
 ParOldGen       total 1617408K, used 1108469K [0x00000006c0000000, 0x0000000722b80000, 0x000000076ab00000)
  object space 1617408K, 68% used [0x00000006c0000000,0x0000000703a7d6c8,0x0000000722b80000)
 Metaspace       used 1085145K, capacity 1145850K, committed 1146112K, reserved 2043904K
  class space    used 141050K, capacity 151773K, committed 151808K, reserved 1048576K
Event: 21635.066 GC heap after
Heap after GC invocations=418 (full 17):
 PSYoungGen      total 1102336K, used 53379K [0x000000076ab00000, 0x00000007bf180000, 0x00000007c0000000)
  eden space 843264K, 0% used [0x000000076ab00000,0x000000076ab00000,0x000000079e280000)
  from space 259072K, 20% used [0x00000007af480000,0x00000007b28a0f30,0x00000007bf180000)
  to   space 269824K, 0% used [0x000000079e280000,0x000000079e280000,0x00000007aea00000)
 ParOldGen       total 1617408K, used 1111069K [0x00000006c0000000, 0x0000000722b80000, 0x000000076ab00000)
  object space 1617408K, 68% used [0x00000006c0000000,0x0000000703d07668,0x0000000722b80000)
 Metaspace       used 1085145K, capacity 1145850K, committed 1146112K, reserved 2043904K
  class space    used 141050K, capacity 151773K, committed 151808K, reserved 1048576K
}
Event: 21641.249 GC heap before
{Heap before GC invocations=419 (full 17):
 PSYoungGen      total 1102336K, used 896643K [0x000000076ab00000, 0x00000007bf180000, 0x00000007c0000000)
  eden space 843264K, 100% used [0x000000076ab00000,0x000000079e280000,0x000000079e280000)
  from space 259072K, 20% used [0x00000007af480000,0x00000007b28a0f30,0x00000007bf180000)
  to   space 269824K, 0% used [0x000000079e280000,0x000000079e280000,0x00000007aea00000)
 ParOldGen       total 1617408K, used 1111069K [0x00000006c0000000, 0x0000000722b80000, 0x000000076ab00000)
  object space 1617408K, 68% used [0x00000006c0000000,0x0000000703d07668,0x0000000722b80000)
 Metaspace       used 1094968K, capacity 1155988K, committed 1156096K, reserved 2052096K
  class space    used 142240K, capacity 153024K, committed 153088K, reserved 1048576K
Event: 21641.322 GC heap after
Heap after GC invocations=419 (full 17):
 PSYoungGen      total 1113088K, used 120697K [0x000000076ab00000, 0x00000007bf180000, 0x00000007c0000000)
  eden space 843264K, 0% used [0x000000076ab00000,0x000000076ab00000,0x000000079e280000)
  from space 269824K, 44% used [0x000000079e280000,0x00000007a585e470,0x00000007aea00000)
  to   space 257024K, 0% used [0x00000007af680000,0x00000007af680000,0x00000007bf180000)
 ParOldGen       total 1617408K, used 1111109K [0x00000006c0000000, 0x0000000722b80000, 0x000000076ab00000)
  object space 1617408K, 68% used [0x00000006c0000000,0x0000000703d11668,0x0000000722b80000)
 Metaspace       used 1094968K, capacity 1155988K, committed 1156096K, reserved 2052096K
  class space    used 142240K, capacity 153024K, committed 153088K, reserved 1048576K
}
Event: 21642.002 GC heap before
{Heap before GC invocations=420 (full 17):
 PSYoungGen      total 1113088K, used 200061K [0x000000076ab00000, 0x00000007bf180000, 0x00000007c0000000)
  eden space 843264K, 9% used [0x000000076ab00000,0x000000076f8811d0,0x000000079e280000)
  from space 269824K, 44% used [0x000000079e280000,0x00000007a585e470,0x00000007aea00000)
  to   space 257024K, 0% used [0x00000007af680000,0x00000007af680000,0x00000007bf180000)
 ParOldGen       total 1617408K, used 1111109K [0x00000006c0000000, 0x0000000722b80000, 0x000000076ab00000)
  object space 1617408K, 68% used [0x00000006c0000000,0x0000000703d11668,0x0000000722b80000)
 Metaspace       used 1097058K, capacity 1158236K, committed 1158400K, reserved 2054144K
  class space    used 142549K, capacity 153360K, committed 153472K, reserved 1048576K
Event: 21642.058 GC heap after
Heap after GC invocations=420 (full 17):
 PSYoungGen      total 1102336K, used 111229K [0x000000076ab00000, 0x00000007bd880000, 0x00000007c0000000)
  eden space 870912K, 0% used [0x000000076ab00000,0x000000076ab00000,0x000000079fd80000)
  from space 231424K, 48% used [0x00000007af680000,0x00000007b631f570,0x00000007bd880000)
  to   space 243200K, 0% used [0x000000079fd80000,0x000000079fd80000,0x00000007aeb00000)
 ParOldGen       total 1617408K, used 1111165K [0x00000006c0000000, 0x0000000722b80000, 0x000000076ab00000)
  object space 1617408K, 68% used [0x00000006c0000000,0x0000000703d1f668,0x0000000722b80000)
 Metaspace       used 1097058K, capacity 1158236K, committed 1158400K, reserved 2054144K
  class space    used 142549K, capacity 153360K, committed 153472K, reserved 1048576K
}
Event: 21642.059 GC heap before
{Heap before GC invocations=421 (full 18):
 PSYoungGen      total 1102336K, used 111229K [0x000000076ab00000, 0x00000007bd880000, 0x00000007c0000000)
  eden space 870912K, 0% used [0x000000076ab00000,0x000000076ab00000,0x000000079fd80000)
  from space 231424K, 48% used [0x00000007af680000,0x00000007b631f570,0x00000007bd880000)
  to   space 243200K, 0% used [0x000000079fd80000,0x000000079fd80000,0x00000007aeb00000)
 ParOldGen       total 1617408K, used 1111165K [0x00000006c0000000, 0x0000000722b80000, 0x000000076ab00000)
  object space 1617408K, 68% used [0x00000006c0000000,0x0000000703d1f668,0x0000000722b80000)
 Metaspace       used 1097058K, capacity 1158236K, committed 1158400K, reserved 2054144K
  class space    used 142549K, capacity 153360K, committed 153472K, reserved 1048576K

